<?xml version="1.0" encoding="UTF-8"?>
<!-- Generated by org.testng.reporters.JUnitReportReporter -->
<testsuite skipped="0" hostname="Cajetan-PC" name="testcases.TestRunner" tests="2" failures="0" timestamp="2021-04-29T11:00:40 IST" time="40.080" errors="0">
  <testcase name="runScenario" time="13.206" classname="testcases.TestRunner"/>
  <system-out/>
  <testcase name="runScenario" time="26.874" classname="testcases.TestRunner"/>
  <system-out/>
</testsuite> <!-- testcases.TestRunner -->
