<?xml version="1.0" encoding="UTF-8"?>
<!-- Generated by org.testng.reporters.JUnitReportReporter -->
<testsuite skipped="3" hostname="Cajetan-PC" name="testcases.TestRunner" tests="3" failures="0" timestamp="2021-04-29T14:57:27 IST" time="2.383" errors="0">
  <testcase name="runScenario" time="0.256" classname="testcases.TestRunner">
    <skipped/>
  </testcase> <!-- runScenario -->
  <system-out/>
  <testcase name="runScenario" time="0.214" classname="testcases.TestRunner">
    <skipped/>
  </testcase> <!-- runScenario -->
  <system-out/>
  <testcase name="runScenario" time="1.913" classname="testcases.TestRunner">
    <skipped/>
  </testcase> <!-- runScenario -->
  <system-out/>
</testsuite> <!-- testcases.TestRunner -->
